<?xml version="1.0" encoding="UTF-8"?>
<testsuite name="com.dassda.DassdaApplicationTests" tests="1" skipped="0" failures="0" errors="0" timestamp="2024-03-03T16:25:45" hostname="gwondonghwis-MacBook-Pro.local" time="0.289">
  <properties/>
  <testcase name="contextLoads()" classname="com.dassda.DassdaApplicationTests" time="0.289"/>
  <system-out><![CDATA[01:25:40.672 [Test worker] INFO org.springframework.test.context.support.AnnotationConfigContextLoaderUtils -- Could not detect default configuration classes for test class [com.dassda.DassdaApplicationTests]: DassdaApplicationTests does not declare any static, non-private, non-final, nested classes annotated with @Configuration.
01:25:40.724 [Test worker] INFO org.springframework.boot.test.context.SpringBootTestContextBootstrapper -- Found @SpringBootConfiguration com.dassda.DassdaApplication for test class com.dassda.DassdaApplicationTests

  .   ____          _            __ _ _
 /\\ / ___'_ __ _ _(_)_ __  __ _ \ \ \ \
( ( )\___ | '_ | '_| | '_ \/ _` | \ \ \ \
 \\/  ___)| |_)| | | | | || (_| |  ) ) ) )
  '  |____| .__|_| |_|_| |_\__, | / / / /
 =========|_|==============|___/=/_/_/_/
 :: Spring Boot ::                (v3.2.1)

2024-03-04T01:25:40.915+09:00  INFO 71450 --- [    Test worker] com.dassda.DassdaApplicationTests        : Starting DassdaApplicationTests using Java 17.0.9 with PID 71450 (started by proxy in /Users/proxy/seGit/dassda-backend)
2024-03-04T01:25:40.916+09:00  INFO 71450 --- [    Test worker] com.dassda.DassdaApplicationTests        : No active profile set, falling back to 1 default profile: "default"
2024-03-04T01:25:41.344+09:00  INFO 71450 --- [    Test worker] .s.d.r.c.RepositoryConfigurationDelegate : Multiple Spring Data modules found, entering strict repository configuration mode
2024-03-04T01:25:41.344+09:00  INFO 71450 --- [    Test worker] .s.d.r.c.RepositoryConfigurationDelegate : Bootstrapping Spring Data Redis repositories in DEFAULT mode.
2024-03-04T01:25:41.354+09:00  INFO 71450 --- [    Test worker] .s.d.r.c.RepositoryConfigurationDelegate : Finished Spring Data repository scanning in 2 ms. Found 0 Redis repository interfaces.
2024-03-04T01:25:41.484+09:00  INFO 71450 --- [    Test worker] .s.d.r.c.RepositoryConfigurationDelegate : Multiple Spring Data modules found, entering strict repository configuration mode
2024-03-04T01:25:41.484+09:00  INFO 71450 --- [    Test worker] .s.d.r.c.RepositoryConfigurationDelegate : Bootstrapping Spring Data JPA repositories in DEFAULT mode.
2024-03-04T01:25:41.574+09:00  INFO 71450 --- [    Test worker] .s.d.r.c.RepositoryConfigurationDelegate : Finished Spring Data repository scanning in 88 ms. Found 11 JPA repository interfaces.
2024-03-04T01:25:41.585+09:00  INFO 71450 --- [    Test worker] .s.d.r.c.RepositoryConfigurationDelegate : Multiple Spring Data modules found, entering strict repository configuration mode
2024-03-04T01:25:41.585+09:00  INFO 71450 --- [    Test worker] .s.d.r.c.RepositoryConfigurationDelegate : Bootstrapping Spring Data Redis repositories in DEFAULT mode.
2024-03-04T01:25:41.592+09:00  INFO 71450 --- [    Test worker] .RepositoryConfigurationExtensionSupport : Spring Data Redis - Could not safely identify store assignment for repository candidate interface com.dassda.repository.BoardRepository; If you want this repository to be a Redis repository, consider annotating your entities with one of these annotations: org.springframework.data.redis.core.RedisHash (preferred), or consider extending one of the following types with your repository: org.springframework.data.keyvalue.repository.KeyValueRepository
2024-03-04T01:25:41.592+09:00  INFO 71450 --- [    Test worker] .RepositoryConfigurationExtensionSupport : Spring Data Redis - Could not safely identify store assignment for repository candidate interface com.dassda.repository.CommentRepository; If you want this repository to be a Redis repository, consider annotating your entities with one of these annotations: org.springframework.data.redis.core.RedisHash (preferred), or consider extending one of the following types with your repository: org.springframework.data.keyvalue.repository.KeyValueRepository
2024-03-04T01:25:41.592+09:00  INFO 71450 --- [    Test worker] .RepositoryConfigurationExtensionSupport : Spring Data Redis - Could not safely identify store assignment for repository candidate interface com.dassda.repository.DiaryImgRepository; If you want this repository to be a Redis repository, consider annotating your entities with one of these annotations: org.springframework.data.redis.core.RedisHash (preferred), or consider extending one of the following types with your repository: org.springframework.data.keyvalue.repository.KeyValueRepository
2024-03-04T01:25:41.592+09:00  INFO 71450 --- [    Test worker] .RepositoryConfigurationExtensionSupport : Spring Data Redis - Could not safely identify store assignment for repository candidate interface com.dassda.repository.DiaryRepository; If you want this repository to be a Redis repository, consider annotating your entities with one of these annotations: org.springframework.data.redis.core.RedisHash (preferred), or consider extending one of the following types with your repository: org.springframework.data.keyvalue.repository.KeyValueRepository
2024-03-04T01:25:41.592+09:00  INFO 71450 --- [    Test worker] .RepositoryConfigurationExtensionSupport : Spring Data Redis - Could not safely identify store assignment for repository candidate interface com.dassda.repository.LikesRepository; If you want this repository to be a Redis repository, consider annotating your entities with one of these annotations: org.springframework.data.redis.core.RedisHash (preferred), or consider extending one of the following types with your repository: org.springframework.data.keyvalue.repository.KeyValueRepository
2024-03-04T01:25:41.593+09:00  INFO 71450 --- [    Test worker] .RepositoryConfigurationExtensionSupport : Spring Data Redis - Could not safely identify store assignment for repository candidate interface com.dassda.repository.MemberRepository; If you want this repository to be a Redis repository, consider annotating your entities with one of these annotations: org.springframework.data.redis.core.RedisHash (preferred), or consider extending one of the following types with your repository: org.springframework.data.keyvalue.repository.KeyValueRepository
2024-03-04T01:25:41.593+09:00  INFO 71450 --- [    Test worker] .RepositoryConfigurationExtensionSupport : Spring Data Redis - Could not safely identify store assignment for repository candidate interface com.dassda.repository.ReadDiaryRepository; If you want this repository to be a Redis repository, consider annotating your entities with one of these annotations: org.springframework.data.redis.core.RedisHash (preferred), or consider extending one of the following types with your repository: org.springframework.data.keyvalue.repository.KeyValueRepository
2024-03-04T01:25:41.593+09:00  INFO 71450 --- [    Test worker] .RepositoryConfigurationExtensionSupport : Spring Data Redis - Could not safely identify store assignment for repository candidate interface com.dassda.repository.ReplyRepository; If you want this repository to be a Redis repository, consider annotating your entities with one of these annotations: org.springframework.data.redis.core.RedisHash (preferred), or consider extending one of the following types with your repository: org.springframework.data.keyvalue.repository.KeyValueRepository
2024-03-04T01:25:41.593+09:00  INFO 71450 --- [    Test worker] .RepositoryConfigurationExtensionSupport : Spring Data Redis - Could not safely identify store assignment for repository candidate interface com.dassda.repository.SettingRepository; If you want this repository to be a Redis repository, consider annotating your entities with one of these annotations: org.springframework.data.redis.core.RedisHash (preferred), or consider extending one of the following types with your repository: org.springframework.data.keyvalue.repository.KeyValueRepository
2024-03-04T01:25:41.593+09:00  INFO 71450 --- [    Test worker] .RepositoryConfigurationExtensionSupport : Spring Data Redis - Could not safely identify store assignment for repository candidate interface com.dassda.repository.ShareRepository; If you want this repository to be a Redis repository, consider annotating your entities with one of these annotations: org.springframework.data.redis.core.RedisHash (preferred), or consider extending one of the following types with your repository: org.springframework.data.keyvalue.repository.KeyValueRepository
2024-03-04T01:25:41.593+09:00  INFO 71450 --- [    Test worker] .RepositoryConfigurationExtensionSupport : Spring Data Redis - Could not safely identify store assignment for repository candidate interface com.dassda.repository.StickerRepository; If you want this repository to be a Redis repository, consider annotating your entities with one of these annotations: org.springframework.data.redis.core.RedisHash (preferred), or consider extending one of the following types with your repository: org.springframework.data.keyvalue.repository.KeyValueRepository
2024-03-04T01:25:41.593+09:00  INFO 71450 --- [    Test worker] .s.d.r.c.RepositoryConfigurationDelegate : Finished Spring Data repository scanning in 8 ms. Found 0 Redis repository interfaces.
2024-03-04T01:25:41.929+09:00  INFO 71450 --- [    Test worker] o.hibernate.jpa.internal.util.LogHelper  : HHH000204: Processing PersistenceUnitInfo [name: default]
2024-03-04T01:25:41.957+09:00  INFO 71450 --- [    Test worker] org.hibernate.Version                    : HHH000412: Hibernate ORM core version 6.4.1.Final
2024-03-04T01:25:41.972+09:00  INFO 71450 --- [    Test worker] o.h.c.internal.RegionFactoryInitiator    : HHH000026: Second-level cache disabled
2024-03-04T01:25:42.080+09:00  INFO 71450 --- [    Test worker] o.s.o.j.p.SpringPersistenceUnitInfo      : No LoadTimeWeaver setup: ignoring JPA class transformer
2024-03-04T01:25:42.096+09:00  INFO 71450 --- [    Test worker] com.zaxxer.hikari.HikariDataSource       : HikariPool-1 - Starting...
2024-03-04T01:25:42.311+09:00  INFO 71450 --- [    Test worker] com.zaxxer.hikari.pool.HikariPool        : HikariPool-1 - Added connection com.mysql.cj.jdbc.ConnectionImpl@6fe9c048
2024-03-04T01:25:42.312+09:00  INFO 71450 --- [    Test worker] com.zaxxer.hikari.HikariDataSource       : HikariPool-1 - Start completed.
2024-03-04T01:25:42.324+09:00  WARN 71450 --- [    Test worker] org.hibernate.orm.deprecation            : HHH90000025: MySQL8Dialect does not need to be specified explicitly using 'hibernate.dialect' (remove the property setting and it will be selected by default)
2024-03-04T01:25:42.324+09:00  WARN 71450 --- [    Test worker] org.hibernate.orm.deprecation            : HHH90000026: MySQL8Dialect has been deprecated; use org.hibernate.dialect.MySQLDialect instead
2024-03-04T01:25:42.844+09:00  INFO 71450 --- [    Test worker] o.h.e.t.j.p.i.JtaPlatformInitiator       : HHH000489: No JTA platform available (set 'hibernate.transaction.jta.platform' to enable JTA platform integration)
2024-03-04T01:25:43.218+09:00  INFO 71450 --- [    Test worker] j.LocalContainerEntityManagerFactoryBean : Initialized JPA EntityManagerFactory for persistence unit 'default'
2024-03-04T01:25:43.561+09:00  INFO 71450 --- [    Test worker] o.s.d.j.r.query.QueryEnhancerFactory     : Hibernate is in classpath; If applicable, HQL parser will be used.
2024-03-04T01:25:44.227+09:00  WARN 71450 --- [    Test worker] JpaBaseConfiguration$JpaWebConfiguration : spring.jpa.open-in-view is enabled by default. Therefore, database queries may be performed during view rendering. Explicitly configure spring.jpa.open-in-view to disable this warning
2024-03-04T01:25:44.238+09:00  WARN 71450 --- [    Test worker] .s.s.UserDetailsServiceAutoConfiguration : 

Using generated security password: df0110a2-5da7-4b1d-9e45-c5151a82f6fa

This generated password is for development use only. Your security configuration must be updated before running your application in production.

2024-03-04T01:25:44.289+09:00  INFO 71450 --- [    Test worker] o.s.b.a.w.s.WelcomePageHandlerMapping    : Adding welcome page template: index
2024-03-04T01:25:44.814+09:00  INFO 71450 --- [    Test worker] o.s.s.web.DefaultSecurityFilterChain     : Will secure any request with [org.springframework.security.web.session.DisableEncodeUrlFilter@30661521, org.springframework.security.web.context.request.async.WebAsyncManagerIntegrationFilter@18a63d08, org.springframework.security.web.context.SecurityContextHolderFilter@284c84de, org.springframework.security.web.header.HeaderWriterFilter@58b4f4a, org.springframework.web.filter.CorsFilter@7290985c, org.springframework.security.web.authentication.logout.LogoutFilter@7c060680, com.dassda.jwt.JwtAuthenticationFilter@49c930d5, org.springframework.security.web.savedrequest.RequestCacheAwareFilter@7d957c96, org.springframework.security.web.servletapi.SecurityContextHolderAwareRequestFilter@14e79d6, org.springframework.security.web.authentication.AnonymousAuthenticationFilter@4906fbd0, org.springframework.security.web.session.SessionManagementFilter@77841797, org.springframework.security.web.access.ExceptionTranslationFilter@51336aad, org.springframework.security.web.access.intercept.AuthorizationFilter@561fdee3]
2024-03-04T01:25:45.053+09:00  INFO 71450 --- [    Test worker] com.dassda.DassdaApplicationTests        : Started DassdaApplicationTests in 4.264 seconds (process running for 4.801)
]]></system-out>
  <system-err><![CDATA[]]></system-err>
</testsuite>
