<?xml version="1.0" encoding="UTF-8"?>
<testsuite name="com.dassda.DassdaApplicationTests" tests="1" skipped="0" failures="0" errors="0" timestamp="2024-02-25T08:32:20" hostname="gwondonghwis-MacBook-Pro.local" time="0.295">
  <properties/>
  <testcase name="contextLoads()" classname="com.dassda.DassdaApplicationTests" time="0.295"/>
  <system-out><![CDATA[17:32:15.738 [Test worker] INFO org.springframework.test.context.support.AnnotationConfigContextLoaderUtils -- Could not detect default configuration classes for test class [com.dassda.DassdaApplicationTests]: DassdaApplicationTests does not declare any static, non-private, non-final, nested classes annotated with @Configuration.
17:32:15.790 [Test worker] INFO org.springframework.boot.test.context.SpringBootTestContextBootstrapper -- Found @SpringBootConfiguration com.dassda.DassdaApplication for test class com.dassda.DassdaApplicationTests

  .   ____          _            __ _ _
 /\\ / ___'_ __ _ _(_)_ __  __ _ \ \ \ \
( ( )\___ | '_ | '_| | '_ \/ _` | \ \ \ \
 \\/  ___)| |_)| | | | | || (_| |  ) ) ) )
  '  |____| .__|_| |_|_| |_\__, | / / / /
 =========|_|==============|___/=/_/_/_/
 :: Spring Boot ::                (v3.2.1)

2024-02-25T17:32:15.997+09:00  INFO 33747 --- [    Test worker] com.dassda.DassdaApplicationTests        : Starting DassdaApplicationTests using Java 17.0.9 with PID 33747 (started by proxy in /Users/proxy/seGit/dassda-backend)
2024-02-25T17:32:15.998+09:00  INFO 33747 --- [    Test worker] com.dassda.DassdaApplicationTests        : No active profile set, falling back to 1 default profile: "default"
2024-02-25T17:32:16.421+09:00  INFO 33747 --- [    Test worker] .s.d.r.c.RepositoryConfigurationDelegate : Multiple Spring Data modules found, entering strict repository configuration mode
2024-02-25T17:32:16.421+09:00  INFO 33747 --- [    Test worker] .s.d.r.c.RepositoryConfigurationDelegate : Bootstrapping Spring Data Redis repositories in DEFAULT mode.
2024-02-25T17:32:16.432+09:00  INFO 33747 --- [    Test worker] .s.d.r.c.RepositoryConfigurationDelegate : Finished Spring Data repository scanning in 2 ms. Found 0 Redis repository interfaces.
2024-02-25T17:32:16.574+09:00  INFO 33747 --- [    Test worker] .s.d.r.c.RepositoryConfigurationDelegate : Multiple Spring Data modules found, entering strict repository configuration mode
2024-02-25T17:32:16.575+09:00  INFO 33747 --- [    Test worker] .s.d.r.c.RepositoryConfigurationDelegate : Bootstrapping Spring Data JPA repositories in DEFAULT mode.
2024-02-25T17:32:16.659+09:00  INFO 33747 --- [    Test worker] .s.d.r.c.RepositoryConfigurationDelegate : Finished Spring Data repository scanning in 82 ms. Found 11 JPA repository interfaces.
2024-02-25T17:32:16.667+09:00  INFO 33747 --- [    Test worker] .s.d.r.c.RepositoryConfigurationDelegate : Multiple Spring Data modules found, entering strict repository configuration mode
2024-02-25T17:32:16.667+09:00  INFO 33747 --- [    Test worker] .s.d.r.c.RepositoryConfigurationDelegate : Bootstrapping Spring Data Redis repositories in DEFAULT mode.
2024-02-25T17:32:16.673+09:00  INFO 33747 --- [    Test worker] .RepositoryConfigurationExtensionSupport : Spring Data Redis - Could not safely identify store assignment for repository candidate interface com.dassda.repository.BoardRepository; If you want this repository to be a Redis repository, consider annotating your entities with one of these annotations: org.springframework.data.redis.core.RedisHash (preferred), or consider extending one of the following types with your repository: org.springframework.data.keyvalue.repository.KeyValueRepository
2024-02-25T17:32:16.673+09:00  INFO 33747 --- [    Test worker] .RepositoryConfigurationExtensionSupport : Spring Data Redis - Could not safely identify store assignment for repository candidate interface com.dassda.repository.CommentRepository; If you want this repository to be a Redis repository, consider annotating your entities with one of these annotations: org.springframework.data.redis.core.RedisHash (preferred), or consider extending one of the following types with your repository: org.springframework.data.keyvalue.repository.KeyValueRepository
2024-02-25T17:32:16.673+09:00  INFO 33747 --- [    Test worker] .RepositoryConfigurationExtensionSupport : Spring Data Redis - Could not safely identify store assignment for repository candidate interface com.dassda.repository.DiaryImgRepository; If you want this repository to be a Redis repository, consider annotating your entities with one of these annotations: org.springframework.data.redis.core.RedisHash (preferred), or consider extending one of the following types with your repository: org.springframework.data.keyvalue.repository.KeyValueRepository
2024-02-25T17:32:16.673+09:00  INFO 33747 --- [    Test worker] .RepositoryConfigurationExtensionSupport : Spring Data Redis - Could not safely identify store assignment for repository candidate interface com.dassda.repository.DiaryRepository; If you want this repository to be a Redis repository, consider annotating your entities with one of these annotations: org.springframework.data.redis.core.RedisHash (preferred), or consider extending one of the following types with your repository: org.springframework.data.keyvalue.repository.KeyValueRepository
2024-02-25T17:32:16.673+09:00  INFO 33747 --- [    Test worker] .RepositoryConfigurationExtensionSupport : Spring Data Redis - Could not safely identify store assignment for repository candidate interface com.dassda.repository.LikesRepository; If you want this repository to be a Redis repository, consider annotating your entities with one of these annotations: org.springframework.data.redis.core.RedisHash (preferred), or consider extending one of the following types with your repository: org.springframework.data.keyvalue.repository.KeyValueRepository
2024-02-25T17:32:16.674+09:00  INFO 33747 --- [    Test worker] .RepositoryConfigurationExtensionSupport : Spring Data Redis - Could not safely identify store assignment for repository candidate interface com.dassda.repository.MemberRepository; If you want this repository to be a Redis repository, consider annotating your entities with one of these annotations: org.springframework.data.redis.core.RedisHash (preferred), or consider extending one of the following types with your repository: org.springframework.data.keyvalue.repository.KeyValueRepository
2024-02-25T17:32:16.674+09:00  INFO 33747 --- [    Test worker] .RepositoryConfigurationExtensionSupport : Spring Data Redis - Could not safely identify store assignment for repository candidate interface com.dassda.repository.ReadDiaryRepository; If you want this repository to be a Redis repository, consider annotating your entities with one of these annotations: org.springframework.data.redis.core.RedisHash (preferred), or consider extending one of the following types with your repository: org.springframework.data.keyvalue.repository.KeyValueRepository
2024-02-25T17:32:16.674+09:00  INFO 33747 --- [    Test worker] .RepositoryConfigurationExtensionSupport : Spring Data Redis - Could not safely identify store assignment for repository candidate interface com.dassda.repository.ReplyRepository; If you want this repository to be a Redis repository, consider annotating your entities with one of these annotations: org.springframework.data.redis.core.RedisHash (preferred), or consider extending one of the following types with your repository: org.springframework.data.keyvalue.repository.KeyValueRepository
2024-02-25T17:32:16.674+09:00  INFO 33747 --- [    Test worker] .RepositoryConfigurationExtensionSupport : Spring Data Redis - Could not safely identify store assignment for repository candidate interface com.dassda.repository.SettingRepository; If you want this repository to be a Redis repository, consider annotating your entities with one of these annotations: org.springframework.data.redis.core.RedisHash (preferred), or consider extending one of the following types with your repository: org.springframework.data.keyvalue.repository.KeyValueRepository
2024-02-25T17:32:16.674+09:00  INFO 33747 --- [    Test worker] .RepositoryConfigurationExtensionSupport : Spring Data Redis - Could not safely identify store assignment for repository candidate interface com.dassda.repository.ShareRepository; If you want this repository to be a Redis repository, consider annotating your entities with one of these annotations: org.springframework.data.redis.core.RedisHash (preferred), or consider extending one of the following types with your repository: org.springframework.data.keyvalue.repository.KeyValueRepository
2024-02-25T17:32:16.674+09:00  INFO 33747 --- [    Test worker] .RepositoryConfigurationExtensionSupport : Spring Data Redis - Could not safely identify store assignment for repository candidate interface com.dassda.repository.StickerRepository; If you want this repository to be a Redis repository, consider annotating your entities with one of these annotations: org.springframework.data.redis.core.RedisHash (preferred), or consider extending one of the following types with your repository: org.springframework.data.keyvalue.repository.KeyValueRepository
2024-02-25T17:32:16.674+09:00  INFO 33747 --- [    Test worker] .s.d.r.c.RepositoryConfigurationDelegate : Finished Spring Data repository scanning in 6 ms. Found 0 Redis repository interfaces.
2024-02-25T17:32:17.097+09:00  INFO 33747 --- [    Test worker] o.hibernate.jpa.internal.util.LogHelper  : HHH000204: Processing PersistenceUnitInfo [name: default]
2024-02-25T17:32:17.125+09:00  INFO 33747 --- [    Test worker] org.hibernate.Version                    : HHH000412: Hibernate ORM core version 6.4.1.Final
2024-02-25T17:32:17.140+09:00  INFO 33747 --- [    Test worker] o.h.c.internal.RegionFactoryInitiator    : HHH000026: Second-level cache disabled
2024-02-25T17:32:17.245+09:00  INFO 33747 --- [    Test worker] o.s.o.j.p.SpringPersistenceUnitInfo      : No LoadTimeWeaver setup: ignoring JPA class transformer
2024-02-25T17:32:17.257+09:00  INFO 33747 --- [    Test worker] com.zaxxer.hikari.HikariDataSource       : HikariPool-1 - Starting...
2024-02-25T17:32:17.589+09:00  INFO 33747 --- [    Test worker] com.zaxxer.hikari.pool.HikariPool        : HikariPool-1 - Added connection com.mysql.cj.jdbc.ConnectionImpl@642d34f1
2024-02-25T17:32:17.590+09:00  INFO 33747 --- [    Test worker] com.zaxxer.hikari.HikariDataSource       : HikariPool-1 - Start completed.
2024-02-25T17:32:17.602+09:00  WARN 33747 --- [    Test worker] org.hibernate.orm.deprecation            : HHH90000025: MySQL8Dialect does not need to be specified explicitly using 'hibernate.dialect' (remove the property setting and it will be selected by default)
2024-02-25T17:32:17.602+09:00  WARN 33747 --- [    Test worker] org.hibernate.orm.deprecation            : HHH90000026: MySQL8Dialect has been deprecated; use org.hibernate.dialect.MySQLDialect instead
2024-02-25T17:32:18.120+09:00  INFO 33747 --- [    Test worker] o.h.e.t.j.p.i.JtaPlatformInitiator       : HHH000489: No JTA platform available (set 'hibernate.transaction.jta.platform' to enable JTA platform integration)
2024-02-25T17:32:18.824+09:00  INFO 33747 --- [    Test worker] j.LocalContainerEntityManagerFactoryBean : Initialized JPA EntityManagerFactory for persistence unit 'default'
2024-02-25T17:32:19.074+09:00  INFO 33747 --- [    Test worker] o.s.d.j.r.query.QueryEnhancerFactory     : Hibernate is in classpath; If applicable, HQL parser will be used.
2024-02-25T17:32:19.857+09:00  WARN 33747 --- [    Test worker] JpaBaseConfiguration$JpaWebConfiguration : spring.jpa.open-in-view is enabled by default. Therefore, database queries may be performed during view rendering. Explicitly configure spring.jpa.open-in-view to disable this warning
2024-02-25T17:32:19.870+09:00  WARN 33747 --- [    Test worker] .s.s.UserDetailsServiceAutoConfiguration : 

Using generated security password: d3516a87-f04c-405d-a83a-21dd30294bd5

This generated password is for development use only. Your security configuration must be updated before running your application in production.

2024-02-25T17:32:19.930+09:00  INFO 33747 --- [    Test worker] o.s.b.a.w.s.WelcomePageHandlerMapping    : Adding welcome page template: index
2024-02-25T17:32:20.499+09:00  INFO 33747 --- [    Test worker] o.s.s.web.DefaultSecurityFilterChain     : Will secure any request with [org.springframework.security.web.session.DisableEncodeUrlFilter@1ff0a397, org.springframework.security.web.context.request.async.WebAsyncManagerIntegrationFilter@415c790e, org.springframework.security.web.context.SecurityContextHolderFilter@729c251b, org.springframework.security.web.header.HeaderWriterFilter@97293ef, org.springframework.web.filter.CorsFilter@5756611d, org.springframework.security.web.authentication.logout.LogoutFilter@3d9e2b59, com.dassda.jwt.JwtAuthenticationFilter@6b0a37a5, org.springframework.security.web.savedrequest.RequestCacheAwareFilter@5d558d99, org.springframework.security.web.servletapi.SecurityContextHolderAwareRequestFilter@170dbf94, org.springframework.security.web.authentication.AnonymousAuthenticationFilter@71fcdd48, org.springframework.security.web.session.SessionManagementFilter@7270ff5d, org.springframework.security.web.access.ExceptionTranslationFilter@20652a8b, org.springframework.security.web.access.intercept.AuthorizationFilter@1828db5c]
2024-02-25T17:32:20.775+09:00  INFO 33747 --- [    Test worker] com.dassda.DassdaApplicationTests        : Started DassdaApplicationTests in 4.911 seconds (process running for 5.465)
]]></system-out>
  <system-err><![CDATA[]]></system-err>
</testsuite>
